mode: set
github.com/RodrigoCF25/0231637_SistemasDistribuidos/Log/config.go:13.76,21.2 1 1
github.com/RodrigoCF25/0231637_SistemasDistribuidos/Log/index.go:24.53,30.16 3 1
github.com/RodrigoCF25/0231637_SistemasDistribuidos/Log/index.go:30.16,33.3 2 0
github.com/RodrigoCF25/0231637_SistemasDistribuidos/Log/index.go:35.2,41.16 4 1
github.com/RodrigoCF25/0231637_SistemasDistribuidos/Log/index.go:41.16,45.3 2 0
github.com/RodrigoCF25/0231637_SistemasDistribuidos/Log/index.go:47.2,51.8 1 1
github.com/RodrigoCF25/0231637_SistemasDistribuidos/Log/index.go:54.31,56.16 1 1
github.com/RodrigoCF25/0231637_SistemasDistribuidos/Log/index.go:56.16,58.3 1 1
github.com/RodrigoCF25/0231637_SistemasDistribuidos/Log/index.go:60.2,62.16 2 1
github.com/RodrigoCF25/0231637_SistemasDistribuidos/Log/index.go:62.16,65.3 2 0
github.com/RodrigoCF25/0231637_SistemasDistribuidos/Log/index.go:66.2,69.16 3 1
github.com/RodrigoCF25/0231637_SistemasDistribuidos/Log/index.go:69.16,72.3 2 0
github.com/RodrigoCF25/0231637_SistemasDistribuidos/Log/index.go:74.2,76.12 2 1
github.com/RodrigoCF25/0231637_SistemasDistribuidos/Log/index.go:79.55,93.2 7 1
github.com/RodrigoCF25/0231637_SistemasDistribuidos/Log/index.go:95.79,97.17 1 1
github.com/RodrigoCF25/0231637_SistemasDistribuidos/Log/index.go:97.17,99.3 1 1
github.com/RodrigoCF25/0231637_SistemasDistribuidos/Log/index.go:101.2,101.15 1 1
github.com/RodrigoCF25/0231637_SistemasDistribuidos/Log/index.go:101.15,103.3 1 1
github.com/RodrigoCF25/0231637_SistemasDistribuidos/Log/index.go:105.2,105.50 1 1
github.com/RodrigoCF25/0231637_SistemasDistribuidos/Log/index.go:105.50,107.3 1 1
github.com/RodrigoCF25/0231637_SistemasDistribuidos/Log/index.go:109.2,114.30 4 1
github.com/RodrigoCF25/0231637_SistemasDistribuidos/Log/log.go:27.49,28.34 1 0
github.com/RodrigoCF25/0231637_SistemasDistribuidos/Log/log.go:28.34,30.3 1 0
github.com/RodrigoCF25/0231637_SistemasDistribuidos/Log/log.go:31.2,31.34 1 0
github.com/RodrigoCF25/0231637_SistemasDistribuidos/Log/log.go:31.34,33.3 1 0
github.com/RodrigoCF25/0231637_SistemasDistribuidos/Log/log.go:34.2,39.21 2 0
github.com/RodrigoCF25/0231637_SistemasDistribuidos/Log/log.go:45.29,47.16 2 0
github.com/RodrigoCF25/0231637_SistemasDistribuidos/Log/log.go:47.16,49.3 1 0
github.com/RodrigoCF25/0231637_SistemasDistribuidos/Log/log.go:50.2,51.29 2 0
github.com/RodrigoCF25/0231637_SistemasDistribuidos/Log/log.go:51.29,58.3 3 0
github.com/RodrigoCF25/0231637_SistemasDistribuidos/Log/log.go:59.2,59.46 1 0
github.com/RodrigoCF25/0231637_SistemasDistribuidos/Log/log.go:59.46,61.3 1 0
github.com/RodrigoCF25/0231637_SistemasDistribuidos/Log/log.go:62.2,62.40 1 0
github.com/RodrigoCF25/0231637_SistemasDistribuidos/Log/log.go:62.40,63.53 1 0
github.com/RodrigoCF25/0231637_SistemasDistribuidos/Log/log.go:63.53,65.4 1 0
github.com/RodrigoCF25/0231637_SistemasDistribuidos/Log/log.go:68.3,68.6 1 0
github.com/RodrigoCF25/0231637_SistemasDistribuidos/Log/log.go:70.2,70.23 1 0
github.com/RodrigoCF25/0231637_SistemasDistribuidos/Log/log.go:70.23,71.69 1 0
github.com/RodrigoCF25/0231637_SistemasDistribuidos/Log/log.go:71.69,73.4 1 0
github.com/RodrigoCF25/0231637_SistemasDistribuidos/Log/log.go:75.2,75.12 1 0
github.com/RodrigoCF25/0231637_SistemasDistribuidos/Log/log.go:81.58,85.16 4 0
github.com/RodrigoCF25/0231637_SistemasDistribuidos/Log/log.go:85.16,87.3 1 0
github.com/RodrigoCF25/0231637_SistemasDistribuidos/Log/log.go:88.2,88.31 1 0
github.com/RodrigoCF25/0231637_SistemasDistribuidos/Log/log.go:88.31,90.3 1 0
github.com/RodrigoCF25/0231637_SistemasDistribuidos/Log/log.go:91.2,91.17 1 0
github.com/RodrigoCF25/0231637_SistemasDistribuidos/Log/log.go:97.53,101.37 4 0
github.com/RodrigoCF25/0231637_SistemasDistribuidos/Log/log.go:101.37,102.60 1 0
github.com/RodrigoCF25/0231637_SistemasDistribuidos/Log/log.go:102.60,104.9 2 0
github.com/RodrigoCF25/0231637_SistemasDistribuidos/Log/log.go:108.2,108.37 1 0
github.com/RodrigoCF25/0231637_SistemasDistribuidos/Log/log.go:108.37,110.3 1 0
github.com/RodrigoCF25/0231637_SistemasDistribuidos/Log/log.go:112.2,112.28 1 0
github.com/RodrigoCF25/0231637_SistemasDistribuidos/Log/log.go:118.44,120.16 2 0
github.com/RodrigoCF25/0231637_SistemasDistribuidos/Log/log.go:120.16,122.3 1 0
github.com/RodrigoCF25/0231637_SistemasDistribuidos/Log/log.go:123.2,125.12 3 0
github.com/RodrigoCF25/0231637_SistemasDistribuidos/Log/log.go:131.29,134.37 3 0
github.com/RodrigoCF25/0231637_SistemasDistribuidos/Log/log.go:134.37,135.41 1 0
github.com/RodrigoCF25/0231637_SistemasDistribuidos/Log/log.go:135.41,137.4 1 0
github.com/RodrigoCF25/0231637_SistemasDistribuidos/Log/log.go:139.2,139.12 1 0
github.com/RodrigoCF25/0231637_SistemasDistribuidos/Log/log.go:142.30,143.34 1 0
github.com/RodrigoCF25/0231637_SistemasDistribuidos/Log/log.go:143.34,145.3 1 0
github.com/RodrigoCF25/0231637_SistemasDistribuidos/Log/log.go:146.2,146.28 1 0
github.com/RodrigoCF25/0231637_SistemasDistribuidos/Log/log.go:149.29,150.35 1 0
github.com/RodrigoCF25/0231637_SistemasDistribuidos/Log/log.go:150.35,152.3 1 0
github.com/RodrigoCF25/0231637_SistemasDistribuidos/Log/log.go:153.2,153.18 1 0
github.com/RodrigoCF25/0231637_SistemasDistribuidos/Log/log.go:159.46,163.2 3 0
github.com/RodrigoCF25/0231637_SistemasDistribuidos/Log/log.go:165.47,169.14 4 0
github.com/RodrigoCF25/0231637_SistemasDistribuidos/Log/log.go:169.14,171.3 1 0
github.com/RodrigoCF25/0231637_SistemasDistribuidos/Log/log.go:172.2,172.21 1 0
github.com/RodrigoCF25/0231637_SistemasDistribuidos/Log/log.go:178.45,182.31 4 0
github.com/RodrigoCF25/0231637_SistemasDistribuidos/Log/log.go:182.31,183.31 1 0
github.com/RodrigoCF25/0231637_SistemasDistribuidos/Log/log.go:183.31,184.37 1 0
github.com/RodrigoCF25/0231637_SistemasDistribuidos/Log/log.go:184.37,186.5 1 0
github.com/RodrigoCF25/0231637_SistemasDistribuidos/Log/log.go:187.4,187.12 1 0
github.com/RodrigoCF25/0231637_SistemasDistribuidos/Log/log.go:189.3,189.33 1 0
github.com/RodrigoCF25/0231637_SistemasDistribuidos/Log/log.go:191.2,192.12 2 0
github.com/RodrigoCF25/0231637_SistemasDistribuidos/Log/log.go:198.34,202.37 4 0
github.com/RodrigoCF25/0231637_SistemasDistribuidos/Log/log.go:202.37,204.3 1 0
github.com/RodrigoCF25/0231637_SistemasDistribuidos/Log/log.go:205.2,205.35 1 0
github.com/RodrigoCF25/0231637_SistemasDistribuidos/Log/log.go:213.52,217.2 3 0
github.com/RodrigoCF25/0231637_SistemasDistribuidos/Log/segment.go:18.76,29.16 4 1
github.com/RodrigoCF25/0231637_SistemasDistribuidos/Log/segment.go:29.16,31.3 1 0
github.com/RodrigoCF25/0231637_SistemasDistribuidos/Log/segment.go:33.2,33.52 1 1
github.com/RodrigoCF25/0231637_SistemasDistribuidos/Log/segment.go:33.52,35.3 1 0
github.com/RodrigoCF25/0231637_SistemasDistribuidos/Log/segment.go:36.2,41.16 2 1
github.com/RodrigoCF25/0231637_SistemasDistribuidos/Log/segment.go:41.16,43.3 1 0
github.com/RodrigoCF25/0231637_SistemasDistribuidos/Log/segment.go:44.2,44.55 1 1
github.com/RodrigoCF25/0231637_SistemasDistribuidos/Log/segment.go:44.55,46.3 1 0
github.com/RodrigoCF25/0231637_SistemasDistribuidos/Log/segment.go:47.2,47.49 1 1
github.com/RodrigoCF25/0231637_SistemasDistribuidos/Log/segment.go:47.49,49.3 1 1
github.com/RodrigoCF25/0231637_SistemasDistribuidos/Log/segment.go:49.8,51.3 1 1
github.com/RodrigoCF25/0231637_SistemasDistribuidos/Log/segment.go:53.2,53.15 1 1
github.com/RodrigoCF25/0231637_SistemasDistribuidos/Log/segment.go:57.70,60.17 2 1
github.com/RodrigoCF25/0231637_SistemasDistribuidos/Log/segment.go:60.17,63.3 2 1
github.com/RodrigoCF25/0231637_SistemasDistribuidos/Log/segment.go:65.2,66.60 2 1
github.com/RodrigoCF25/0231637_SistemasDistribuidos/Log/segment.go:66.60,68.3 1 0
github.com/RodrigoCF25/0231637_SistemasDistribuidos/Log/segment.go:70.2,73.17 3 1
github.com/RodrigoCF25/0231637_SistemasDistribuidos/Log/segment.go:78.57,81.16 2 1
github.com/RodrigoCF25/0231637_SistemasDistribuidos/Log/segment.go:81.16,83.3 1 0
github.com/RodrigoCF25/0231637_SistemasDistribuidos/Log/segment.go:85.2,87.16 2 1
github.com/RodrigoCF25/0231637_SistemasDistribuidos/Log/segment.go:87.16,89.3 1 0
github.com/RodrigoCF25/0231637_SistemasDistribuidos/Log/segment.go:91.2,94.8 1 1
github.com/RodrigoCF25/0231637_SistemasDistribuidos/Log/segment.go:99.34,101.2 1 1
github.com/RodrigoCF25/0231637_SistemasDistribuidos/Log/segment.go:105.34,106.40 1 1
github.com/RodrigoCF25/0231637_SistemasDistribuidos/Log/segment.go:106.40,109.3 2 0
github.com/RodrigoCF25/0231637_SistemasDistribuidos/Log/segment.go:110.2,110.40 1 1
github.com/RodrigoCF25/0231637_SistemasDistribuidos/Log/segment.go:110.40,113.3 2 0
github.com/RodrigoCF25/0231637_SistemasDistribuidos/Log/segment.go:114.2,114.55 1 1
github.com/RodrigoCF25/0231637_SistemasDistribuidos/Log/segment.go:114.55,117.3 2 0
github.com/RodrigoCF25/0231637_SistemasDistribuidos/Log/segment.go:118.2,118.50 1 1
github.com/RodrigoCF25/0231637_SistemasDistribuidos/Log/segment.go:118.50,121.3 2 0
github.com/RodrigoCF25/0231637_SistemasDistribuidos/Log/segment.go:122.2,122.12 1 1
github.com/RodrigoCF25/0231637_SistemasDistribuidos/Log/segment.go:127.33,129.40 1 1
github.com/RodrigoCF25/0231637_SistemasDistribuidos/Log/segment.go:129.40,132.3 2 0
github.com/RodrigoCF25/0231637_SistemasDistribuidos/Log/segment.go:133.2,133.40 1 1
github.com/RodrigoCF25/0231637_SistemasDistribuidos/Log/segment.go:133.40,136.3 2 0
github.com/RodrigoCF25/0231637_SistemasDistribuidos/Log/segment.go:137.2,137.12 1 1
github.com/RodrigoCF25/0231637_SistemasDistribuidos/Log/store.go:27.43,30.16 2 1
github.com/RodrigoCF25/0231637_SistemasDistribuidos/Log/store.go:30.16,32.3 1 0
github.com/RodrigoCF25/0231637_SistemasDistribuidos/Log/store.go:34.2,40.8 1 1
github.com/RodrigoCF25/0231637_SistemasDistribuidos/Log/store.go:43.99,55.16 6 1
github.com/RodrigoCF25/0231637_SistemasDistribuidos/Log/store.go:55.16,58.3 2 0
github.com/RodrigoCF25/0231637_SistemasDistribuidos/Log/store.go:61.2,63.16 2 1
github.com/RodrigoCF25/0231637_SistemasDistribuidos/Log/store.go:63.16,66.3 2 0
github.com/RodrigoCF25/0231637_SistemasDistribuidos/Log/store.go:68.2,75.16 4 1
github.com/RodrigoCF25/0231637_SistemasDistribuidos/Log/store.go:75.16,78.3 2 0
github.com/RodrigoCF25/0231637_SistemasDistribuidos/Log/store.go:80.2,80.48 1 1
github.com/RodrigoCF25/0231637_SistemasDistribuidos/Log/store.go:84.64,91.12 3 1
github.com/RodrigoCF25/0231637_SistemasDistribuidos/Log/store.go:91.12,93.3 1 0
github.com/RodrigoCF25/0231637_SistemasDistribuidos/Log/store.go:96.2,104.12 4 1
github.com/RodrigoCF25/0231637_SistemasDistribuidos/Log/store.go:104.12,106.3 1 0
github.com/RodrigoCF25/0231637_SistemasDistribuidos/Log/store.go:108.2,108.18 1 1
github.com/RodrigoCF25/0231637_SistemasDistribuidos/Log/store.go:112.64,116.41 3 1
github.com/RodrigoCF25/0231637_SistemasDistribuidos/Log/store.go:116.41,118.3 1 0
github.com/RodrigoCF25/0231637_SistemasDistribuidos/Log/store.go:120.2,120.30 1 1
github.com/RodrigoCF25/0231637_SistemasDistribuidos/Log/store.go:123.31,127.16 3 1
github.com/RodrigoCF25/0231637_SistemasDistribuidos/Log/store.go:127.16,129.3 1 1
github.com/RodrigoCF25/0231637_SistemasDistribuidos/Log/store.go:131.2,133.16 2 1
github.com/RodrigoCF25/0231637_SistemasDistribuidos/Log/store.go:133.16,136.3 2 0
github.com/RodrigoCF25/0231637_SistemasDistribuidos/Log/store.go:138.2,140.12 2 1
