mode: set
github.com/RodrigoCF25/0231637_SistemasDistribuidos/Log/config.go:13.76,21.2 1 1
github.com/RodrigoCF25/0231637_SistemasDistribuidos/Log/index.go:24.53,30.16 3 1
github.com/RodrigoCF25/0231637_SistemasDistribuidos/Log/index.go:30.16,33.3 2 0
github.com/RodrigoCF25/0231637_SistemasDistribuidos/Log/index.go:35.2,41.16 4 1
github.com/RodrigoCF25/0231637_SistemasDistribuidos/Log/index.go:41.16,45.3 2 0
github.com/RodrigoCF25/0231637_SistemasDistribuidos/Log/index.go:47.2,51.8 1 1
github.com/RodrigoCF25/0231637_SistemasDistribuidos/Log/index.go:54.31,56.16 1 1
github.com/RodrigoCF25/0231637_SistemasDistribuidos/Log/index.go:56.16,58.3 1 1
github.com/RodrigoCF25/0231637_SistemasDistribuidos/Log/index.go:60.2,62.16 2 1
github.com/RodrigoCF25/0231637_SistemasDistribuidos/Log/index.go:62.16,65.3 2 0
github.com/RodrigoCF25/0231637_SistemasDistribuidos/Log/index.go:66.2,69.16 3 1
github.com/RodrigoCF25/0231637_SistemasDistribuidos/Log/index.go:69.16,72.3 2 0
github.com/RodrigoCF25/0231637_SistemasDistribuidos/Log/index.go:74.2,76.12 2 1
github.com/RodrigoCF25/0231637_SistemasDistribuidos/Log/index.go:79.55,93.2 7 1
github.com/RodrigoCF25/0231637_SistemasDistribuidos/Log/index.go:95.79,97.17 1 1
github.com/RodrigoCF25/0231637_SistemasDistribuidos/Log/index.go:97.17,99.3 1 1
github.com/RodrigoCF25/0231637_SistemasDistribuidos/Log/index.go:101.2,101.15 1 1
github.com/RodrigoCF25/0231637_SistemasDistribuidos/Log/index.go:101.15,103.3 1 1
github.com/RodrigoCF25/0231637_SistemasDistribuidos/Log/index.go:105.2,105.50 1 1
github.com/RodrigoCF25/0231637_SistemasDistribuidos/Log/index.go:105.50,107.3 1 1
github.com/RodrigoCF25/0231637_SistemasDistribuidos/Log/index.go:109.2,114.30 4 1
github.com/RodrigoCF25/0231637_SistemasDistribuidos/Log/log.go:26.49,27.34 1 1
github.com/RodrigoCF25/0231637_SistemasDistribuidos/Log/log.go:27.34,29.3 1 0
github.com/RodrigoCF25/0231637_SistemasDistribuidos/Log/log.go:30.2,30.34 1 1
github.com/RodrigoCF25/0231637_SistemasDistribuidos/Log/log.go:30.34,32.3 1 1
github.com/RodrigoCF25/0231637_SistemasDistribuidos/Log/log.go:33.2,38.21 2 1
github.com/RodrigoCF25/0231637_SistemasDistribuidos/Log/log.go:44.29,46.16 2 1
github.com/RodrigoCF25/0231637_SistemasDistribuidos/Log/log.go:46.16,48.3 1 0
github.com/RodrigoCF25/0231637_SistemasDistribuidos/Log/log.go:49.2,50.29 2 1
github.com/RodrigoCF25/0231637_SistemasDistribuidos/Log/log.go:50.29,57.3 3 1
github.com/RodrigoCF25/0231637_SistemasDistribuidos/Log/log.go:58.2,58.46 1 1
github.com/RodrigoCF25/0231637_SistemasDistribuidos/Log/log.go:58.46,60.3 1 1
github.com/RodrigoCF25/0231637_SistemasDistribuidos/Log/log.go:61.2,61.40 1 1
github.com/RodrigoCF25/0231637_SistemasDistribuidos/Log/log.go:61.40,62.53 1 1
github.com/RodrigoCF25/0231637_SistemasDistribuidos/Log/log.go:62.53,64.4 1 0
github.com/RodrigoCF25/0231637_SistemasDistribuidos/Log/log.go:67.3,67.6 1 1
github.com/RodrigoCF25/0231637_SistemasDistribuidos/Log/log.go:69.2,69.23 1 1
github.com/RodrigoCF25/0231637_SistemasDistribuidos/Log/log.go:69.23,70.69 1 1
github.com/RodrigoCF25/0231637_SistemasDistribuidos/Log/log.go:70.69,72.4 1 0
github.com/RodrigoCF25/0231637_SistemasDistribuidos/Log/log.go:74.2,74.12 1 1
github.com/RodrigoCF25/0231637_SistemasDistribuidos/Log/log.go:80.58,84.16 4 1
github.com/RodrigoCF25/0231637_SistemasDistribuidos/Log/log.go:84.16,86.3 1 0
github.com/RodrigoCF25/0231637_SistemasDistribuidos/Log/log.go:87.2,87.31 1 1
github.com/RodrigoCF25/0231637_SistemasDistribuidos/Log/log.go:87.31,89.3 1 1
github.com/RodrigoCF25/0231637_SistemasDistribuidos/Log/log.go:90.2,90.17 1 1
github.com/RodrigoCF25/0231637_SistemasDistribuidos/Log/log.go:96.53,100.37 4 1
github.com/RodrigoCF25/0231637_SistemasDistribuidos/Log/log.go:100.37,101.60 1 1
github.com/RodrigoCF25/0231637_SistemasDistribuidos/Log/log.go:101.60,103.9 2 1
github.com/RodrigoCF25/0231637_SistemasDistribuidos/Log/log.go:107.2,107.37 1 1
github.com/RodrigoCF25/0231637_SistemasDistribuidos/Log/log.go:107.37,109.3 1 1
github.com/RodrigoCF25/0231637_SistemasDistribuidos/Log/log.go:111.2,111.28 1 1
github.com/RodrigoCF25/0231637_SistemasDistribuidos/Log/log.go:117.44,119.16 2 1
github.com/RodrigoCF25/0231637_SistemasDistribuidos/Log/log.go:119.16,121.3 1 0
github.com/RodrigoCF25/0231637_SistemasDistribuidos/Log/log.go:122.2,124.12 3 1
github.com/RodrigoCF25/0231637_SistemasDistribuidos/Log/log.go:130.29,133.37 3 1
github.com/RodrigoCF25/0231637_SistemasDistribuidos/Log/log.go:133.37,134.41 1 1
github.com/RodrigoCF25/0231637_SistemasDistribuidos/Log/log.go:134.41,136.4 1 0
github.com/RodrigoCF25/0231637_SistemasDistribuidos/Log/log.go:138.2,138.12 1 1
github.com/RodrigoCF25/0231637_SistemasDistribuidos/Log/log.go:141.30,142.34 1 0
github.com/RodrigoCF25/0231637_SistemasDistribuidos/Log/log.go:142.34,144.3 1 0
github.com/RodrigoCF25/0231637_SistemasDistribuidos/Log/log.go:145.2,145.28 1 0
github.com/RodrigoCF25/0231637_SistemasDistribuidos/Log/log.go:148.29,149.35 1 0
github.com/RodrigoCF25/0231637_SistemasDistribuidos/Log/log.go:149.35,151.3 1 0
github.com/RodrigoCF25/0231637_SistemasDistribuidos/Log/log.go:152.2,152.18 1 0
github.com/RodrigoCF25/0231637_SistemasDistribuidos/Log/log.go:158.46,162.2 3 1
github.com/RodrigoCF25/0231637_SistemasDistribuidos/Log/log.go:164.47,168.14 4 1
github.com/RodrigoCF25/0231637_SistemasDistribuidos/Log/log.go:168.14,170.3 1 0
github.com/RodrigoCF25/0231637_SistemasDistribuidos/Log/log.go:171.2,171.21 1 1
github.com/RodrigoCF25/0231637_SistemasDistribuidos/Log/log.go:177.45,181.31 4 1
github.com/RodrigoCF25/0231637_SistemasDistribuidos/Log/log.go:181.31,182.31 1 1
github.com/RodrigoCF25/0231637_SistemasDistribuidos/Log/log.go:182.31,183.37 1 1
github.com/RodrigoCF25/0231637_SistemasDistribuidos/Log/log.go:183.37,185.5 1 0
github.com/RodrigoCF25/0231637_SistemasDistribuidos/Log/log.go:186.4,186.12 1 1
github.com/RodrigoCF25/0231637_SistemasDistribuidos/Log/log.go:188.3,188.33 1 1
github.com/RodrigoCF25/0231637_SistemasDistribuidos/Log/log.go:190.2,191.12 2 1
github.com/RodrigoCF25/0231637_SistemasDistribuidos/Log/log.go:197.34,201.37 4 1
github.com/RodrigoCF25/0231637_SistemasDistribuidos/Log/log.go:201.37,203.3 1 1
github.com/RodrigoCF25/0231637_SistemasDistribuidos/Log/log.go:204.2,204.35 1 1
github.com/RodrigoCF25/0231637_SistemasDistribuidos/Log/log.go:212.52,216.2 3 1
github.com/RodrigoCF25/0231637_SistemasDistribuidos/Log/segment.go:19.76,30.16 4 1
github.com/RodrigoCF25/0231637_SistemasDistribuidos/Log/segment.go:30.16,32.3 1 0
github.com/RodrigoCF25/0231637_SistemasDistribuidos/Log/segment.go:34.2,34.52 1 1
github.com/RodrigoCF25/0231637_SistemasDistribuidos/Log/segment.go:34.52,36.3 1 0
github.com/RodrigoCF25/0231637_SistemasDistribuidos/Log/segment.go:37.2,42.16 2 1
github.com/RodrigoCF25/0231637_SistemasDistribuidos/Log/segment.go:42.16,44.3 1 0
github.com/RodrigoCF25/0231637_SistemasDistribuidos/Log/segment.go:45.2,45.55 1 1
github.com/RodrigoCF25/0231637_SistemasDistribuidos/Log/segment.go:45.55,47.3 1 0
github.com/RodrigoCF25/0231637_SistemasDistribuidos/Log/segment.go:48.2,48.49 1 1
github.com/RodrigoCF25/0231637_SistemasDistribuidos/Log/segment.go:48.49,50.3 1 1
github.com/RodrigoCF25/0231637_SistemasDistribuidos/Log/segment.go:50.8,52.3 1 1
github.com/RodrigoCF25/0231637_SistemasDistribuidos/Log/segment.go:54.2,54.15 1 1
github.com/RodrigoCF25/0231637_SistemasDistribuidos/Log/segment.go:58.70,61.17 2 1
github.com/RodrigoCF25/0231637_SistemasDistribuidos/Log/segment.go:61.17,64.3 2 1
github.com/RodrigoCF25/0231637_SistemasDistribuidos/Log/segment.go:66.2,68.16 2 1
github.com/RodrigoCF25/0231637_SistemasDistribuidos/Log/segment.go:68.16,70.3 1 0
github.com/RodrigoCF25/0231637_SistemasDistribuidos/Log/segment.go:72.2,73.52 2 1
github.com/RodrigoCF25/0231637_SistemasDistribuidos/Log/segment.go:73.52,75.3 1 0
github.com/RodrigoCF25/0231637_SistemasDistribuidos/Log/segment.go:77.2,80.17 3 1
github.com/RodrigoCF25/0231637_SistemasDistribuidos/Log/segment.go:85.57,88.16 2 1
github.com/RodrigoCF25/0231637_SistemasDistribuidos/Log/segment.go:88.16,90.3 1 0
github.com/RodrigoCF25/0231637_SistemasDistribuidos/Log/segment.go:92.2,94.16 2 1
github.com/RodrigoCF25/0231637_SistemasDistribuidos/Log/segment.go:94.16,96.3 1 0
github.com/RodrigoCF25/0231637_SistemasDistribuidos/Log/segment.go:98.2,100.53 2 1
github.com/RodrigoCF25/0231637_SistemasDistribuidos/Log/segment.go:100.53,102.3 1 0
github.com/RodrigoCF25/0231637_SistemasDistribuidos/Log/segment.go:104.2,104.20 1 1
github.com/RodrigoCF25/0231637_SistemasDistribuidos/Log/segment.go:109.34,111.2 1 1
github.com/RodrigoCF25/0231637_SistemasDistribuidos/Log/segment.go:115.34,116.40 1 1
github.com/RodrigoCF25/0231637_SistemasDistribuidos/Log/segment.go:116.40,119.3 2 0
github.com/RodrigoCF25/0231637_SistemasDistribuidos/Log/segment.go:120.2,120.40 1 1
github.com/RodrigoCF25/0231637_SistemasDistribuidos/Log/segment.go:120.40,123.3 2 0
github.com/RodrigoCF25/0231637_SistemasDistribuidos/Log/segment.go:124.2,124.55 1 1
github.com/RodrigoCF25/0231637_SistemasDistribuidos/Log/segment.go:124.55,127.3 2 0
github.com/RodrigoCF25/0231637_SistemasDistribuidos/Log/segment.go:128.2,128.50 1 1
github.com/RodrigoCF25/0231637_SistemasDistribuidos/Log/segment.go:128.50,131.3 2 0
github.com/RodrigoCF25/0231637_SistemasDistribuidos/Log/segment.go:132.2,132.12 1 1
github.com/RodrigoCF25/0231637_SistemasDistribuidos/Log/segment.go:137.33,139.40 1 1
github.com/RodrigoCF25/0231637_SistemasDistribuidos/Log/segment.go:139.40,142.3 2 0
github.com/RodrigoCF25/0231637_SistemasDistribuidos/Log/segment.go:143.2,143.40 1 1
github.com/RodrigoCF25/0231637_SistemasDistribuidos/Log/segment.go:143.40,146.3 2 0
github.com/RodrigoCF25/0231637_SistemasDistribuidos/Log/segment.go:147.2,147.12 1 1
github.com/RodrigoCF25/0231637_SistemasDistribuidos/Log/store.go:27.43,30.16 2 1
github.com/RodrigoCF25/0231637_SistemasDistribuidos/Log/store.go:30.16,32.3 1 0
github.com/RodrigoCF25/0231637_SistemasDistribuidos/Log/store.go:34.2,40.8 1 1
github.com/RodrigoCF25/0231637_SistemasDistribuidos/Log/store.go:43.99,55.16 6 1
github.com/RodrigoCF25/0231637_SistemasDistribuidos/Log/store.go:55.16,58.3 2 0
github.com/RodrigoCF25/0231637_SistemasDistribuidos/Log/store.go:61.2,63.16 2 1
github.com/RodrigoCF25/0231637_SistemasDistribuidos/Log/store.go:63.16,66.3 2 0
github.com/RodrigoCF25/0231637_SistemasDistribuidos/Log/store.go:68.2,75.16 4 1
github.com/RodrigoCF25/0231637_SistemasDistribuidos/Log/store.go:75.16,78.3 2 0
github.com/RodrigoCF25/0231637_SistemasDistribuidos/Log/store.go:80.2,80.48 1 1
github.com/RodrigoCF25/0231637_SistemasDistribuidos/Log/store.go:84.64,91.12 3 1
github.com/RodrigoCF25/0231637_SistemasDistribuidos/Log/store.go:91.12,93.3 1 0
github.com/RodrigoCF25/0231637_SistemasDistribuidos/Log/store.go:96.2,104.12 4 1
github.com/RodrigoCF25/0231637_SistemasDistribuidos/Log/store.go:104.12,106.3 1 0
github.com/RodrigoCF25/0231637_SistemasDistribuidos/Log/store.go:108.2,108.18 1 1
github.com/RodrigoCF25/0231637_SistemasDistribuidos/Log/store.go:112.64,116.41 3 1
github.com/RodrigoCF25/0231637_SistemasDistribuidos/Log/store.go:116.41,118.3 1 0
github.com/RodrigoCF25/0231637_SistemasDistribuidos/Log/store.go:120.2,120.30 1 1
github.com/RodrigoCF25/0231637_SistemasDistribuidos/Log/store.go:123.31,127.16 3 1
github.com/RodrigoCF25/0231637_SistemasDistribuidos/Log/store.go:127.16,129.3 1 1
github.com/RodrigoCF25/0231637_SistemasDistribuidos/Log/store.go:131.2,133.16 2 1
github.com/RodrigoCF25/0231637_SistemasDistribuidos/Log/store.go:133.16,136.3 2 0
github.com/RodrigoCF25/0231637_SistemasDistribuidos/Log/store.go:138.2,140.12 2 1
